C51 COMPILER V9.01   MAIN                                                                  11/20/2017 09:55:01 PAGE 1   


C51 COMPILER V9.01, COMPILATION OF MODULE MAIN
OBJECT MODULE PLACED IN main.OBJ
COMPILER INVOKED BY: C:\Keil_C51\C51\BIN\C51.EXE main.c BROWSE DEBUG OBJECTEXTEND

line level    source

   1          #include <reg52.h> 
   2          #include <intrins.h>
   3          #include <stdio.h>
   4          #include  <math.h>    //Keil library  
   5          #include "adxl345.h"
   6          #include "delay.h"
   7          
   8          sbit LED=P2^1;
   9          
  10          unsigned long times_20ms=0;                     //定时20ms计时
  11          unsigned char Send_Message=0;   //发送消息标志
  12          unsigned char ReadAdxl345=0;    //读取标志
  13          unsigned char Delay_Sec=0;                //延时计时
  14          
  15          unsigned int ErrorNum=0;          //错误计数
  16          unsigned int CheckNum=0;          //检测次数
  17          char tab[16];
  18          
  19          void Init_Timer0(void);//函数声明
  20          void UART_Init(void);
  21          void SendByte(unsigned char dat);
  22          void SendStr(unsigned char *s,unsigned char length);
  23          
  24          void main (void)
  25          {
  26   1              Init_Timer0();        //定时器0初始化
  27   1              UART_Init();
  28   1      
  29   1              DelayMs(100);          //延时有助于稳定
  30   1      
  31   1              Init_ADXL345();   //清屏
  32   1              if(Single_Read_ADXL345(0X00)==0xe5)     //读出的数据为0XE5,表示正确
  33   1              {DelayMs(5);}
  34   1              else
  35   1              {DelayMs(3);}
  36   1      
  37   1              while(1)         //主循环
  38   1              {
  39   2                  if(ReadAdxl345==1)   //定时读取adxl345数据
  40   2                  {
  41   3                              ReadAdxl345=0;   //标志清零
  42   3                              ReadData_x();                                           //三轴检测函数
  43   3                              CheckNum++;
  44   3                              if((temp_X<550)||(abs(temp_Y)>750))       //方位值判断 查看正常次数
  45   3                              {
  46   4                                      ErrorNum++;
  47   4                              }
  48   3                              if(CheckNum>=5)         //进行5次处理
  49   3                              {
  50   4                                      if(ErrorNum>1)     //角度出现错误 5次出息3次情况
  51   4                                      {
  52   5                                              if(Send_Message==0)       //上报情况初始化
  53   5                                              {
  54   6                                                      Delay_Sec=0;       //延时清零
  55   6                                              }
C51 COMPILER V9.01   MAIN                                                                  11/20/2017 09:55:01 PAGE 2   

  56   5                                              Send_Message=1;            //发送信息标志
  57   5                                              LED=0;
  58   5                                      }
  59   4                                      else
  60   4                                      {                                       
  61   5                                                      Send_Message=0;         
  62   5                                                      Delay_Sec=0;     //延时清零
  63   5                                                      LED=1;           //关闭
  64   5                                      }                                       
  65   4                                      ErrorNum=0;               //清空滤波计数
  66   4                                      CheckNum=0;     
  67   4                              }
  68   3      
  69   3                              if((Send_Message==1)&&(Delay_Sec>=1))//2S 上报
  70   3                              {               
  71   4                                      SendStr("*****",5);//发送信息
  72   4                              }
  73   3                              else
  74   3                              {
  75   4                                      SendStr("#####",5);//发送信息
  76   4                              }
  77   3                  }
  78   2      
  79   2              }
  80   1      }
  81          
  82          void Init_Timer0(void)
  83          {
  84   1              TMOD |= 0x01;     //使用模式1，16位定时器，使用"|"符号可以在使用多个定时器时不受影响                 
  85   1              TH0=(65536-20000)/256;            //重新赋值 20ms
  86   1              TL0=(65536-20000)%256;
  87   1              EA=1;            //总中断打开
  88   1              ET0=1;           //定时器中断打开
  89   1              TR0=1;           //定时器开关打开
  90   1      }
  91          void UART_Init(void)
  92          {
  93   1          SCON  = 0x50;                       // SCON: 模式 1, 8-bit UART, 使能接收  
  94   1          TMOD |= 0x20;               // TMOD: timer 1, mode 2, 8-bit 重装
  95   1          TH1   = 0xFD;               // TH1:  重装值 9600 波特率 晶振 11.0592MHz
  96   1              TL1 = TH1;  
  97   1          TR1   = 1;                  // TR1:  timer 1 打开                         
  98   1          EA    = 1;                  //打开总中断
  99   1          ES    = 1;                  //打开串口中断
 100   1      }
 101          
 102          void SendByte(unsigned char dat)//串口发送单字节数据
 103          {
 104   1              unsigned char time_out;
 105   1              time_out=0x00;
 106   1              SBUF = dat;                       //将数据放入SBUF中
 107   1              while((!TI)&&(time_out<100))  //检测是否发送出去
 108   1              {time_out++;DelayUs2x(10);}     //未发送出去 进行短暂延时
 109   1              TI = 0;                                         //清除ti标志
 110   1      }
 111          
 112          void SendStr(unsigned char *s,unsigned char length)        //发送定长度字符串
 113          {
 114   1              unsigned char NUM;
 115   1              NUM=0x00;
 116   1              while(NUM<length)       //发送长度对比
 117   1              {
C51 COMPILER V9.01   MAIN                                                                  11/20/2017 09:55:01 PAGE 3   

 118   2                      SendByte(*s);  //放松单字节数据
 119   2                      s++;              //指针++
 120   2                      NUM++;            //下一个++
 121   2               }
 122   1      }
 123          
 124          void Timer0_isr(void) interrupt 1 
 125          {
 126   1              TH0=(65536-20000)/256;            //重新赋值 20ms
 127   1              TL0=(65536-20000)%256;
 128   1              times_20ms++;
 129   1              if(times_20ms%10==0)
 130   1              {
 131   2                      ReadAdxl345=1;                                    //读取标志置位
 132   2                      if(times_20ms%50==0)
 133   2                      {
 134   3                              if(Send_Message==1)             //延时计数
 135   3                              {Delay_Sec++;}
 136   3                      }               
 137   2              }
 138   1      }
 139          
 140          void UART_SER (void) interrupt 4        //串行中断服务程序
 141          {
 142   1              if(RI)                        //判断是接收中断产生
 143   1              {
 144   2                      RI=0;                      //标志位清零
 145   2              }
 146   1              if(TI)  //如果是发送标志位，清零
 147   1              TI=0;
 148   1      } 


MODULE INFORMATION:   STATIC OVERLAYABLE
   CODE SIZE        =    477    ----
   CONSTANT SIZE    =     12    ----
   XDATA SIZE       =   ----    ----
   PDATA SIZE       =   ----    ----
   DATA SIZE        =     27       6
   IDATA SIZE       =   ----    ----
   BIT SIZE         =   ----    ----
END OF MODULE INFORMATION.


C51 COMPILATION COMPLETE.  0 WARNING(S),  0 ERROR(S)
