C51 COMPILER V9.01   MAIN                                                                  11/20/2017 09:39:16 PAGE 1   


C51 COMPILER V9.01, COMPILATION OF MODULE MAIN
OBJECT MODULE PLACED IN main.OBJ
COMPILER INVOKED BY: C:\Keil_C51\C51\BIN\C51.EXE main.c BROWSE DEBUG OBJECTEXTEND

line level    source

   1          #include <reg52.h> 
   2          #include <intrins.h>
   3          #include <stdio.h>
   4          #include  <math.h>    //Keil library  
   5          #include "delay.h"
   6          
   7          sbit buzzer=P2^0;
   8          
   9          unsigned long times_20ms=0;                     //定时20ms计时
  10          unsigned char baojignFlag = 0;//报警标志
  11          unsigned char reportFlag = 0;//定时上报处理
  12          
  13          void Init_Timer0(void);//函数声明
  14          void UART_Init(void);
  15          void SendByte(unsigned char dat);
  16          void SendStr(unsigned char *s,unsigned char length);
  17          
  18          void main (void)
  19          {
  20   1              Init_Timer0();        //定时器0初始化
  21   1              UART_Init();
  22   1      
  23   1              DelayMs(100);          //延时有助于稳定
  24   1              SendStr("ready ok !",10);//串口发送
  25   1              while(1)         //主循环
  26   1              {
  27   2                      if(reportFlag == 1)//定时上报处理
  28   2                      {
  29   3                              reportFlag = 0;    //清零标志位
  30   3                              if(baojignFlag == 1)  //需要报警
  31   3                              {
  32   4                                      buzzer = !buzzer;  //蜂鸣器报警
  33   4                              }
  34   3                              else
  35   3                              {
  36   4                                      buzzer = 1;     //蜂鸣器停止报警
  37   4                              }
  38   3                      
  39   3                      
  40   3                      }
  41   2              }
  42   1      }
  43          
  44          void Init_Timer0(void)
  45          {
  46   1              TMOD |= 0x01;     //使用模式1，16位定时器，使用"|"符号可以在使用多个定时器时不受影响                 
  47   1              TH0=(65536-20000)/256;            //重新赋值 20ms
  48   1              TL0=(65536-20000)%256;
  49   1              EA=1;            //总中断打开
  50   1              ET0=1;           //定时器中断打开
  51   1              TR0=1;           //定时器开关打开
  52   1      }
  53          void UART_Init(void)
  54          {
  55   1          SCON  = 0x50;                       // SCON: 模式 1, 8-bit UART, 使能接收  
C51 COMPILER V9.01   MAIN                                                                  11/20/2017 09:39:16 PAGE 2   

  56   1          TMOD |= 0x20;               // TMOD: timer 1, mode 2, 8-bit 重装
  57   1          TH1   = 0xFD;               // TH1:  重装值 9600 波特率 晶振 11.0592MHz
  58   1              TL1 = TH1;  
  59   1          TR1   = 1;                  // TR1:  timer 1 打开                         
  60   1          EA    = 1;                  //打开总中断
  61   1          ES    = 1;                  //打开串口中断
  62   1      }
  63          
  64          void SendByte(unsigned char dat)//串口发送单字节数据
  65          {
  66   1              unsigned char time_out;
  67   1              time_out=0x00;
  68   1              SBUF = dat;                       //将数据放入SBUF中
  69   1              while((!TI)&&(time_out<100))  //检测是否发送出去
  70   1              {time_out++;DelayUs2x(10);}     //未发送出去 进行短暂延时
  71   1              TI = 0;                                         //清除ti标志
  72   1      }
  73          
  74          void SendStr(unsigned char *s,unsigned char length)        //发送定长度字符串
  75          {
  76   1              unsigned char NUM;
  77   1              NUM=0x00;
  78   1              while(NUM<length)       //发送长度对比
  79   1              {
  80   2                      SendByte(*s);  //放松单字节数据
  81   2                      s++;              //指针++
  82   2                      NUM++;            //下一个++
  83   2               }
  84   1      }
  85          
  86          void Timer0_isr(void) interrupt 1 
  87          {
  88   1              TH0=(65536-20000)/256;            //重新赋值 20ms
  89   1              TL0=(65536-20000)%256;
  90   1              times_20ms++;
  91   1              if(times_20ms%10==0)
  92   1              {
  93   2                      reportFlag =1;                                    //定时处理    
  94   2              }
  95   1      }
  96          
  97          void UART_SER (void) interrupt 4        //串行中断服务程序
  98          {
  99   1              if(RI)                        //判断是接收中断产生
 100   1              {
 101   2                      RI=0;                      //标志位清零
 102   2                      if(SBUF == '*') //需要报警
 103   2                      {
 104   3                              baojignFlag = 1;
 105   3                      }
 106   2                      else if(SBUF == '#')    //不需要报警
 107   2                      {
 108   3                              baojignFlag = 0;
 109   3                      }
 110   2              }
 111   1              if(TI)  //如果是发送标志位，清零
 112   1              TI=0;
 113   1      } 


MODULE INFORMATION:   STATIC OVERLAYABLE
   CODE SIZE        =    311    ----
C51 COMPILER V9.01   MAIN                                                                  11/20/2017 09:39:16 PAGE 3   

   CONSTANT SIZE    =     11    ----
   XDATA SIZE       =   ----    ----
   PDATA SIZE       =   ----    ----
   DATA SIZE        =      6       6
   IDATA SIZE       =   ----    ----
   BIT SIZE         =   ----    ----
END OF MODULE INFORMATION.


C51 COMPILATION COMPLETE.  0 WARNING(S),  0 ERROR(S)
